<?xml version="1.0" encoding="UTF-8"?>
<!-- Generated by org.testng.reporters.JUnitReportReporter -->
<testsuite skipped="0" hostname="DESKTOP-HJE52T2" name="com.qopper.testcases.LoginPage" tests="2" failures="0" timestamp="01 Dec 2019 09:02:13 GMT" time="29.922" errors="0">
  <testcase name="loginSuccessful" time="15.805" classname="com.qopper.testcases.LoginPage"/>
  <testcase name="loginWithWrongPassword" time="14.117" classname="com.qopper.testcases.LoginPage"/>
</testsuite> <!-- com.qopper.testcases.LoginPage -->
