<?xml version="1.0" encoding="UTF-8"?>
<!-- Generated by org.testng.reporters.JUnitReportReporter -->
<testsuite skipped="0" hostname="DESKTOP-HJE52T2" name="com.qopper.testcases.LoginPage" tests="2" failures="0" timestamp="01 Dec 2019 12:59:43 GMT" time="53.955" errors="0">
  <testcase name="loginSuccessful" time="35.335" classname="com.qopper.testcases.LoginPage"/>
  <testcase name="loginWithWrongPassword" time="18.620" classname="com.qopper.testcases.LoginPage"/>
</testsuite> <!-- com.qopper.testcases.LoginPage -->
