<?xml version="1.0" encoding="UTF-8"?>
<!-- Generated by org.testng.reporters.JUnitReportReporter -->
<testsuite skipped="0" hostname="DESKTOP-HJE52T2" name="com.qopper.testcases.LoginPage" tests="2" failures="0" timestamp="01 Dec 2019 09:18:09 GMT" time="27.045" errors="0">
  <testcase name="loginSuccessful" time="14.660" classname="com.qopper.testcases.LoginPage"/>
  <testcase name="loginWithWrongPassword" time="12.385" classname="com.qopper.testcases.LoginPage"/>
</testsuite> <!-- com.qopper.testcases.LoginPage -->
